/u/s/i/sinclair/courses/cs552/spring2019/handouts/testprograms/public/rand_final/ldld_rand_large.asm SUCCESS CPI:2.3 CYCLES:2408 ICOUNT:1035 IHITRATE: 99.5 DHITRATE: 96.8
/u/s/i/sinclair/courses/cs552/spring2019/handouts/testprograms/public/rand_final/ldld_rand_small.asm SUCCESS CPI:2.3 CYCLES:2408 ICOUNT:1035 IHITRATE: 99.5 DHITRATE: 96.8
/u/s/i/sinclair/courses/cs552/spring2019/handouts/testprograms/public/rand_final/ldst_rand_large.asm SUCCESS CPI:10.6 CYCLES:32 ICOUNT:3 IHITRATE: 50.0 DHITRATE: 0.0
/u/s/i/sinclair/courses/cs552/spring2019/handouts/testprograms/public/rand_final/ldst_rand_small.asm SUCCESS CPI:10.6 CYCLES:32 ICOUNT:3 IHITRATE: 50.0 DHITRATE: 0.0
/u/s/i/sinclair/courses/cs552/spring2019/handouts/testprograms/public/rand_final/t_100_all.asm SUCCESS CPI:3.8 CYCLES:1227 ICOUNT:321 IHITRATE: 69.6 DHITRATE: 70.4
/u/s/i/sinclair/courses/cs552/spring2019/handouts/testprograms/public/rand_final/t_100_ctrl.asm SUCCESS CPI:3.9 CYCLES:1714 ICOUNT:444 IHITRATE: 68.5 DHITRATE: 71.8
/u/s/i/sinclair/courses/cs552/spring2019/handouts/testprograms/public/rand_final/t_100_icache.asm SUCCESS CPI:21.0 CYCLES:252 ICOUNT:12 IHITRATE: 20.5 DHITRATE: 0
/u/s/i/sinclair/courses/cs552/spring2019/handouts/testprograms/public/rand_final/t_100_idcache.asm SUCCESS CPI:6.4 CYCLES:499 ICOUNT:78 IHITRATE: 56.8 DHITRATE: 34.8
/u/s/i/sinclair/courses/cs552/spring2019/handouts/testprograms/public/rand_final/t_100_mem.asm SUCCESS CPI:4.1 CYCLES:2733 ICOUNT:668 IHITRATE: 75.4 DHITRATE: 90.4
/u/s/i/sinclair/courses/cs552/spring2019/handouts/testprograms/public/rand_final/t_101_all.asm SUCCESS CPI:3.8 CYCLES:1619 ICOUNT:431 IHITRATE: 69.6 DHITRATE: 71.4
/u/s/i/sinclair/courses/cs552/spring2019/handouts/testprograms/public/rand_final/t_101_ctrl.asm SUCCESS CPI:3.6 CYCLES:1863 ICOUNT:523 IHITRATE: 71.4 DHITRATE: 73.7
/u/s/i/sinclair/courses/cs552/spring2019/handouts/testprograms/public/rand_final/t_101_icache.asm SUCCESS CPI:5.0 CYCLES:294 ICOUNT:59 IHITRATE: 57.1 DHITRATE: 0
/u/s/i/sinclair/courses/cs552/spring2019/handouts/testprograms/public/rand_final/t_101_idcache.asm SUCCESS CPI:6.5 CYCLES:471 ICOUNT:72 IHITRATE: 58.6 DHITRATE: 35.0
/u/s/i/sinclair/courses/cs552/spring2019/handouts/testprograms/public/rand_final/t_101_mem.asm SUCCESS CPI:4.0 CYCLES:2706 ICOUNT:670 IHITRATE: 75.4 DHITRATE: 90.8
/u/s/i/sinclair/courses/cs552/spring2019/handouts/testprograms/public/rand_final/t_102_all.asm SUCCESS CPI:3.8 CYCLES:1343 ICOUNT:354 IHITRATE: 69.0 DHITRATE: 61.3
/u/s/i/sinclair/courses/cs552/spring2019/handouts/testprograms/public/rand_final/t_102_ctrl.asm SUCCESS CPI:3.8 CYCLES:1683 ICOUNT:442 IHITRATE: 69.3 DHITRATE: 61.8
/u/s/i/sinclair/courses/cs552/spring2019/handouts/testprograms/public/rand_final/t_102_icache.asm SUCCESS CPI:29.9 CYCLES:359 ICOUNT:12 IHITRATE: 15.4 DHITRATE: 0
/u/s/i/sinclair/courses/cs552/spring2019/handouts/testprograms/public/rand_final/t_102_idcache.asm SUCCESS CPI:7.2 CYCLES:445 ICOUNT:62 IHITRATE: 54.0 DHITRATE: 35.3
/u/s/i/sinclair/courses/cs552/spring2019/handouts/testprograms/public/rand_final/t_102_mem.asm SUCCESS CPI:3.8 CYCLES:2570 ICOUNT:677 IHITRATE: 74.9 DHITRATE: 94.8
/u/s/i/sinclair/courses/cs552/spring2019/handouts/testprograms/public/rand_final/t_103_all.asm SUCCESS CPI:3.4 CYCLES:1521 ICOUNT:443 IHITRATE: 71.2 DHITRATE: 57.7
/u/s/i/sinclair/courses/cs552/spring2019/handouts/testprograms/public/rand_final/t_103_ctrl.asm SUCCESS CPI:3.7 CYCLES:1980 ICOUNT:540 IHITRATE: 70.7 DHITRATE: 68.9
/u/s/i/sinclair/courses/cs552/spring2019/handouts/testprograms/public/rand_final/t_103_icache.asm SUCCESS CPI:23.1 CYCLES:300 ICOUNT:13 IHITRATE: 21.3 DHITRATE: 0
/u/s/i/sinclair/courses/cs552/spring2019/handouts/testprograms/public/rand_final/t_103_idcache.asm SUCCESS CPI:4.1 CYCLES:566 ICOUNT:139 IHITRATE: 66.1 DHITRATE: 35.7
/u/s/i/sinclair/courses/cs552/spring2019/handouts/testprograms/public/rand_final/t_103_mem.asm SUCCESS CPI:3.9 CYCLES:2624 ICOUNT:665 IHITRATE: 75.2 DHITRATE: 94.5
/u/s/i/sinclair/courses/cs552/spring2019/handouts/testprograms/public/rand_final/t_104_all.asm SUCCESS CPI:3.6 CYCLES:1586 ICOUNT:445 IHITRATE: 70.3 DHITRATE: 63.0
/u/s/i/sinclair/courses/cs552/spring2019/handouts/testprograms/public/rand_final/t_104_ctrl.asm SUCCESS CPI:3.6 CYCLES:1924 ICOUNT:538 IHITRATE: 70.9 DHITRATE: 64.6
/u/s/i/sinclair/courses/cs552/spring2019/handouts/testprograms/public/rand_final/t_104_icache.asm SUCCESS CPI:6.2 CYCLES:296 ICOUNT:48 IHITRATE: 50.7 DHITRATE: 0
/u/s/i/sinclair/courses/cs552/spring2019/handouts/testprograms/public/rand_final/t_104_idcache.asm SUCCESS CPI:5.4 CYCLES:445 ICOUNT:82 IHITRATE: 59.1 DHITRATE: 20.0
/u/s/i/sinclair/courses/cs552/spring2019/handouts/testprograms/public/rand_final/t_104_mem.asm SUCCESS CPI:3.9 CYCLES:2610 ICOUNT:667 IHITRATE: 75.0 DHITRATE: 95.7
/u/s/i/sinclair/courses/cs552/spring2019/handouts/testprograms/public/rand_final/t_105_all.asm SUCCESS CPI:3.6 CYCLES:1587 ICOUNT:443 IHITRATE: 70.6 DHITRATE: 60.7
/u/s/i/sinclair/courses/cs552/spring2019/handouts/testprograms/public/rand_final/t_105_ctrl.asm SUCCESS CPI:3.6 CYCLES:1840 ICOUNT:509 IHITRATE: 70.2 DHITRATE: 70.5
/u/s/i/sinclair/courses/cs552/spring2019/handouts/testprograms/public/rand_final/t_105_icache.asm SUCCESS CPI:8.2 CYCLES:337 ICOUNT:41 IHITRATE: 42.9 DHITRATE: 0
/u/s/i/sinclair/courses/cs552/spring2019/handouts/testprograms/public/rand_final/t_105_idcache.asm SUCCESS CPI:6.6 CYCLES:515 ICOUNT:78 IHITRATE: 52.6 DHITRATE: 8.3
/u/s/i/sinclair/courses/cs552/spring2019/handouts/testprograms/public/rand_final/t_105_mem.asm SUCCESS CPI:3.9 CYCLES:2590 ICOUNT:665 IHITRATE: 75.2 DHITRATE: 94.6
/u/s/i/sinclair/courses/cs552/spring2019/handouts/testprograms/public/rand_final/t_106_all.asm SUCCESS CPI:3.7 CYCLES:1654 ICOUNT:453 IHITRATE: 69.8 DHITRATE: 70.7
/u/s/i/sinclair/courses/cs552/spring2019/handouts/testprograms/public/rand_final/t_106_ctrl.asm SUCCESS CPI:3.8 CYCLES:1876 ICOUNT:500 IHITRATE: 69.7 DHITRATE: 72.7
/u/s/i/sinclair/courses/cs552/spring2019/handouts/testprograms/public/rand_final/t_106_icache.asm SUCCESS CPI:25.3 CYCLES:304 ICOUNT:12 IHITRATE: 21.3 DHITRATE: 0
/u/s/i/sinclair/courses/cs552/spring2019/handouts/testprograms/public/rand_final/t_106_idcache.asm SUCCESS CPI:4.7 CYCLES:582 ICOUNT:123 IHITRATE: 61.4 DHITRATE: 28.6
/u/s/i/sinclair/courses/cs552/spring2019/handouts/testprograms/public/rand_final/t_106_mem.asm SUCCESS CPI:4.0 CYCLES:2666 ICOUNT:668 IHITRATE: 75.2 DHITRATE: 93.2
/u/s/i/sinclair/courses/cs552/spring2019/handouts/testprograms/public/rand_final/t_107_all.asm SUCCESS CPI:3.6 CYCLES:1494 ICOUNT:415 IHITRATE: 69.9 DHITRATE: 65.6
/u/s/i/sinclair/courses/cs552/spring2019/handouts/testprograms/public/rand_final/t_107_ctrl.asm SUCCESS CPI:3.6 CYCLES:1946 ICOUNT:541 IHITRATE: 70.4 DHITRATE: 78.4
/u/s/i/sinclair/courses/cs552/spring2019/handouts/testprograms/public/rand_final/t_107_icache.asm SUCCESS CPI:8.6 CYCLES:325 ICOUNT:38 IHITRATE: 45.7 DHITRATE: 0
/u/s/i/sinclair/courses/cs552/spring2019/handouts/testprograms/public/rand_final/t_107_idcache.asm SUCCESS CPI:5.0 CYCLES:444 ICOUNT:89 IHITRATE: 59.8 DHITRATE: 20.0
/u/s/i/sinclair/courses/cs552/spring2019/handouts/testprograms/public/rand_final/t_107_mem.asm SUCCESS CPI:3.9 CYCLES:2599 ICOUNT:661 IHITRATE: 75.1 DHITRATE: 93.7
/u/s/i/sinclair/courses/cs552/spring2019/handouts/testprograms/public/rand_final/t_108_all.asm SUCCESS CPI:3.4 CYCLES:1537 ICOUNT:451 IHITRATE: 71.8 DHITRATE: 64.9
/u/s/i/sinclair/courses/cs552/spring2019/handouts/testprograms/public/rand_final/t_108_ctrl.asm SUCCESS CPI:3.6 CYCLES:1812 ICOUNT:504 IHITRATE: 70.0 DHITRATE: 72.1
/u/s/i/sinclair/courses/cs552/spring2019/handouts/testprograms/public/rand_final/t_108_icache.asm SUCCESS CPI:6.1 CYCLES:263 ICOUNT:43 IHITRATE: 53.1 DHITRATE: 0
/u/s/i/sinclair/courses/cs552/spring2019/handouts/testprograms/public/rand_final/t_108_idcache.asm SUCCESS CPI:7.0 CYCLES:341 ICOUNT:49 IHITRATE: 53.2 DHITRATE: 11.1
/u/s/i/sinclair/courses/cs552/spring2019/handouts/testprograms/public/rand_final/t_108_mem.asm SUCCESS CPI:4.0 CYCLES:2734 ICOUNT:676 IHITRATE: 75.3 DHITRATE: 89.2
/u/s/i/sinclair/courses/cs552/spring2019/handouts/testprograms/public/rand_final/t_109_all.asm SUCCESS CPI:3.8 CYCLES:1217 ICOUNT:322 IHITRATE: 69.7 DHITRATE: 83.3
/u/s/i/sinclair/courses/cs552/spring2019/handouts/testprograms/public/rand_final/t_109_ctrl.asm SUCCESS CPI:3.6 CYCLES:1941 ICOUNT:533 IHITRATE: 70.2 DHITRATE: 85.4
/u/s/i/sinclair/courses/cs552/spring2019/handouts/testprograms/public/rand_final/t_109_icache.asm SUCCESS CPI:5.3 CYCLES:465 ICOUNT:88 IHITRATE: 57.4 DHITRATE: 0
/u/s/i/sinclair/courses/cs552/spring2019/handouts/testprograms/public/rand_final/t_109_idcache.asm SUCCESS CPI:6.2 CYCLES:591 ICOUNT:95 IHITRATE: 57.7 DHITRATE: 13.0
/u/s/i/sinclair/courses/cs552/spring2019/handouts/testprograms/public/rand_final/t_109_mem.asm SUCCESS CPI:4.0 CYCLES:2655 ICOUNT:661 IHITRATE: 75.2 DHITRATE: 93.9
/u/s/i/sinclair/courses/cs552/spring2019/handouts/testprograms/public/rand_final/t_10_mem.asm SUCCESS CPI:3.9 CYCLES:2580 ICOUNT:666 IHITRATE: 75.1 DHITRATE: 93.7
/u/s/i/sinclair/courses/cs552/spring2019/handouts/testprograms/public/rand_final/t_110_all.asm SUCCESS CPI:3.5 CYCLES:1531 ICOUNT:436 IHITRATE: 70.7 DHITRATE: 84.6
/u/s/i/sinclair/courses/cs552/spring2019/handouts/testprograms/public/rand_final/t_110_ctrl.asm SUCCESS CPI:3.8 CYCLES:1787 ICOUNT:470 IHITRATE: 69.9 DHITRATE: 71.1
/u/s/i/sinclair/courses/cs552/spring2019/handouts/testprograms/public/rand_final/t_110_icache.asm SUCCESS CPI:5.4 CYCLES:373 ICOUNT:69 IHITRATE: 55.3 DHITRATE: 0
/u/s/i/sinclair/courses/cs552/spring2019/handouts/testprograms/public/rand_final/t_110_idcache.asm SUCCESS CPI:4.4 CYCLES:645 ICOUNT:147 IHITRATE: 65.6 DHITRATE: 17.6
/u/s/i/sinclair/courses/cs552/spring2019/handouts/testprograms/public/rand_final/t_110_mem.asm SUCCESS CPI:3.8 CYCLES:2581 ICOUNT:681 IHITRATE: 75.0 DHITRATE: 94.8
/u/s/i/sinclair/courses/cs552/spring2019/handouts/testprograms/public/rand_final/t_111_all.asm SUCCESS CPI:3.9 CYCLES:1487 ICOUNT:382 IHITRATE: 68.3 DHITRATE: 73.7
/u/s/i/sinclair/courses/cs552/spring2019/handouts/testprograms/public/rand_final/t_111_ctrl.asm SUCCESS CPI:3.4 CYCLES:1897 ICOUNT:551 IHITRATE: 71.8 DHITRATE: 73.5
/u/s/i/sinclair/courses/cs552/spring2019/handouts/testprograms/public/rand_final/t_111_icache.asm SUCCESS CPI:19.5 CYCLES:292 ICOUNT:15 IHITRATE: 20.0 DHITRATE: 0
/u/s/i/sinclair/courses/cs552/spring2019/handouts/testprograms/public/rand_final/t_111_idcache.asm SUCCESS CPI:5.3 CYCLES:507 ICOUNT:96 IHITRATE: 61.5 DHITRATE: 13.3
/u/s/i/sinclair/courses/cs552/spring2019/handouts/testprograms/public/rand_final/t_111_mem.asm SUCCESS CPI:3.9 CYCLES:2675 ICOUNT:681 IHITRATE: 75.5 DHITRATE: 91.7
/u/s/i/sinclair/courses/cs552/spring2019/handouts/testprograms/public/rand_final/t_112_all.asm SUCCESS CPI:3.8 CYCLES:1363 ICOUNT:361 IHITRATE: 69.1 DHITRATE: 62.1
/u/s/i/sinclair/courses/cs552/spring2019/handouts/testprograms/public/rand_final/t_112_ctrl.asm SUCCESS CPI:3.6 CYCLES:1898 ICOUNT:534 IHITRATE: 70.6 DHITRATE: 61.0
/u/s/i/sinclair/courses/cs552/spring2019/handouts/testprograms/public/rand_final/t_112_icache.asm SUCCESS CPI:4.7 CYCLES:285 ICOUNT:60 IHITRATE: 59.0 DHITRATE: 0
/u/s/i/sinclair/courses/cs552/spring2019/handouts/testprograms/public/rand_final/t_112_idcache.asm SUCCESS CPI:6.5 CYCLES:443 ICOUNT:68 IHITRATE: 56.4 DHITRATE: 30.0
/u/s/i/sinclair/courses/cs552/spring2019/handouts/testprograms/public/rand_final/t_112_mem.asm SUCCESS CPI:4.0 CYCLES:2654 ICOUNT:666 IHITRATE: 75.1 DHITRATE: 95.5
/u/s/i/sinclair/courses/cs552/spring2019/handouts/testprograms/public/rand_final/t_113_all.asm SUCCESS CPI:3.7 CYCLES:1231 ICOUNT:332 IHITRATE: 69.5 DHITRATE: 77.1
/u/s/i/sinclair/courses/cs552/spring2019/handouts/testprograms/public/rand_final/t_113_ctrl.asm SUCCESS CPI:3.9 CYCLES:1856 ICOUNT:476 IHITRATE: 69.7 DHITRATE: 73.5
/u/s/i/sinclair/courses/cs552/spring2019/handouts/testprograms/public/rand_final/t_113_icache.asm SUCCESS CPI:8.4 CYCLES:452 ICOUNT:54 IHITRATE: 44.2 DHITRATE: 0
/u/s/i/sinclair/courses/cs552/spring2019/handouts/testprograms/public/rand_final/t_113_idcache.asm SUCCESS CPI:4.4 CYCLES:617 ICOUNT:139 IHITRATE: 62.4 DHITRATE: 26.7
/u/s/i/sinclair/courses/cs552/spring2019/handouts/testprograms/public/rand_final/t_113_mem.asm SUCCESS CPI:3.9 CYCLES:2651 ICOUNT:677 IHITRATE: 75.1 DHITRATE: 93.8
/u/s/i/sinclair/courses/cs552/spring2019/handouts/testprograms/public/rand_final/t_114_all.asm SUCCESS CPI:3.2 CYCLES:1889 ICOUNT:587 IHITRATE: 72.0 DHITRATE: 72.5
/u/s/i/sinclair/courses/cs552/spring2019/handouts/testprograms/public/rand_final/t_114_ctrl.asm SUCCESS CPI:3.4 CYCLES:2091 ICOUNT:608 IHITRATE: 71.8 DHITRATE: 85.7
/u/s/i/sinclair/courses/cs552/spring2019/handouts/testprograms/public/rand_final/t_114_icache.asm SUCCESS CPI:8.6 CYCLES:335 ICOUNT:39 IHITRATE: 44.3 DHITRATE: 0
/u/s/i/sinclair/courses/cs552/spring2019/handouts/testprograms/public/rand_final/t_114_idcache.asm SUCCESS CPI:4.8 CYCLES:502 ICOUNT:105 IHITRATE: 62.0 DHITRATE: 18.2
/u/s/i/sinclair/courses/cs552/spring2019/handouts/testprograms/public/rand_final/t_114_mem.asm SUCCESS CPI:3.8 CYCLES:2630 ICOUNT:688 IHITRATE: 75.3 DHITRATE: 92.9
/u/s/i/sinclair/courses/cs552/spring2019/handouts/testprograms/public/rand_final/t_115_all.asm SUCCESS CPI:3.5 CYCLES:1552 ICOUNT:439 IHITRATE: 70.6 DHITRATE: 77.8
/u/s/i/sinclair/courses/cs552/spring2019/handouts/testprograms/public/rand_final/t_115_ctrl.asm SUCCESS CPI:3.7 CYCLES:1836 ICOUNT:496 IHITRATE: 70.8 DHITRATE: 75.6
/u/s/i/sinclair/courses/cs552/spring2019/handouts/testprograms/public/rand_final/t_115_icache.asm SUCCESS CPI:9.2 CYCLES:276 ICOUNT:30 IHITRATE: 40.0 DHITRATE: 0
/u/s/i/sinclair/courses/cs552/spring2019/handouts/testprograms/public/rand_final/t_115_idcache.asm SUCCESS CPI:6.5 CYCLES:448 ICOUNT:69 IHITRATE: 55.2 DHITRATE: 25.0
/u/s/i/sinclair/courses/cs552/spring2019/handouts/testprograms/public/rand_final/t_115_mem.asm SUCCESS CPI:4.0 CYCLES:2569 ICOUNT:650 IHITRATE: 75.0 DHITRATE: 95.9
/u/s/i/sinclair/courses/cs552/spring2019/handouts/testprograms/public/rand_final/t_116_all.asm SUCCESS CPI:3.4 CYCLES:1887 ICOUNT:563 IHITRATE: 72.1 DHITRATE: 75.0
/u/s/i/sinclair/courses/cs552/spring2019/handouts/testprograms/public/rand_final/t_116_ctrl.asm SUCCESS CPI:3.3 CYCLES:2000 ICOUNT:609 IHITRATE: 72.4 DHITRATE: 75.8
/u/s/i/sinclair/courses/cs552/spring2019/handouts/testprograms/public/rand_final/t_116_icache.asm SUCCESS CPI:28.4 CYCLES:256 ICOUNT:9 IHITRATE: 11.1 DHITRATE: 0
/u/s/i/sinclair/courses/cs552/spring2019/handouts/testprograms/public/rand_final/t_116_idcache.asm SUCCESS CPI:4.7 CYCLES:615 ICOUNT:130 IHITRATE: 61.0 DHITRATE: 43.8
/u/s/i/sinclair/courses/cs552/spring2019/handouts/testprograms/public/rand_final/t_116_mem.asm SUCCESS CPI:4.0 CYCLES:2648 ICOUNT:662 IHITRATE: 75.2 DHITRATE: 89.2
/u/s/i/sinclair/courses/cs552/spring2019/handouts/testprograms/public/rand_final/t_117_all.asm SUCCESS CPI:3.6 CYCLES:1640 ICOUNT:457 IHITRATE: 71.6 DHITRATE: 63.8
/u/s/i/sinclair/courses/cs552/spring2019/handouts/testprograms/public/rand_final/t_117_ctrl.asm SUCCESS CPI:3.6 CYCLES:1922 ICOUNT:528 IHITRATE: 70.9 DHITRATE: 69.6
/u/s/i/sinclair/courses/cs552/spring2019/handouts/testprograms/public/rand_final/t_117_icache.asm SUCCESS CPI:11.6 CYCLES:267 ICOUNT:23 IHITRATE: 38.0 DHITRATE: 0
/u/s/i/sinclair/courses/cs552/spring2019/handouts/testprograms/public/rand_final/t_117_idcache.asm SUCCESS CPI:6.9 CYCLES:653 ICOUNT:94 IHITRATE: 52.9 DHITRATE: 29.6
/u/s/i/sinclair/courses/cs552/spring2019/handouts/testprograms/public/rand_final/t_117_mem.asm SUCCESS CPI:3.9 CYCLES:2675 ICOUNT:680 IHITRATE: 75.4 DHITRATE: 91.2
/u/s/i/sinclair/courses/cs552/spring2019/handouts/testprograms/public/rand_final/t_118_all.asm SUCCESS CPI:3.6 CYCLES:1801 ICOUNT:507 IHITRATE: 71.0 DHITRATE: 70.2
/u/s/i/sinclair/courses/cs552/spring2019/handouts/testprograms/public/rand_final/t_118_ctrl.asm SUCCESS CPI:3.6 CYCLES:1849 ICOUNT:510 IHITRATE: 70.9 DHITRATE: 62.9
/u/s/i/sinclair/courses/cs552/spring2019/handouts/testprograms/public/rand_final/t_118_icache.asm SUCCESS CPI:16.3 CYCLES:229 ICOUNT:14 IHITRATE: 26.3 DHITRATE: 0
/u/s/i/sinclair/courses/cs552/spring2019/handouts/testprograms/public/rand_final/t_118_idcache.asm SUCCESS CPI:6.3 CYCLES:510 ICOUNT:81 IHITRATE: 55.1 DHITRATE: 20.0
/u/s/i/sinclair/courses/cs552/spring2019/handouts/testprograms/public/rand_final/t_118_mem.asm SUCCESS CPI:4.0 CYCLES:2622 ICOUNT:654 IHITRATE: 74.9 DHITRATE: 94.8
/u/s/i/sinclair/courses/cs552/spring2019/handouts/testprograms/public/rand_final/t_119_all.asm SUCCESS CPI:3.6 CYCLES:1476 ICOUNT:409 IHITRATE: 70.5 DHITRATE: 69.4
/u/s/i/sinclair/courses/cs552/spring2019/handouts/testprograms/public/rand_final/t_119_ctrl.asm SUCCESS CPI:3.5 CYCLES:1927 ICOUNT:557 IHITRATE: 71.3 DHITRATE: 71.1
/u/s/i/sinclair/courses/cs552/spring2019/handouts/testprograms/public/rand_final/t_119_icache.asm SUCCESS CPI:5.6 CYCLES:285 ICOUNT:51 IHITRATE: 51.5 DHITRATE: 0
/u/s/i/sinclair/courses/cs552/spring2019/handouts/testprograms/public/rand_final/t_119_idcache.asm SUCCESS CPI:5.3 CYCLES:420 ICOUNT:79 IHITRATE: 62.4 DHITRATE: 12.5
/u/s/i/sinclair/courses/cs552/spring2019/handouts/testprograms/public/rand_final/t_119_mem.asm SUCCESS CPI:4.0 CYCLES:2685 ICOUNT:673 IHITRATE: 75.4 DHITRATE: 90.9
/u/s/i/sinclair/courses/cs552/spring2019/handouts/testprograms/public/rand_final/t_11_mem.asm SUCCESS CPI:3.9 CYCLES:2669 ICOUNT:676 IHITRATE: 75.3 DHITRATE: 91.5
/u/s/i/sinclair/courses/cs552/spring2019/handouts/testprograms/public/rand_final/t_120_all.asm SUCCESS CPI:3.8 CYCLES:1457 ICOUNT:381 IHITRATE: 68.7 DHITRATE: 80.8
/u/s/i/sinclair/courses/cs552/spring2019/handouts/testprograms/public/rand_final/t_120_ctrl.asm SUCCESS CPI:3.5 CYCLES:1886 ICOUNT:538 IHITRATE: 70.4 DHITRATE: 71.8
/u/s/i/sinclair/courses/cs552/spring2019/handouts/testprograms/public/rand_final/t_120_icache.asm SUCCESS CPI:4.9 CYCLES:454 ICOUNT:92 IHITRATE: 57.9 DHITRATE: 0
/u/s/i/sinclair/courses/cs552/spring2019/handouts/testprograms/public/rand_final/t_120_idcache.asm SUCCESS CPI:5.3 CYCLES:582 ICOUNT:110 IHITRATE: 58.5 DHITRATE: 35.7
/u/s/i/sinclair/courses/cs552/spring2019/handouts/testprograms/public/rand_final/t_120_mem.asm SUCCESS CPI:3.9 CYCLES:2645 ICOUNT:671 IHITRATE: 75.0 DHITRATE: 93.5
/u/s/i/sinclair/courses/cs552/spring2019/handouts/testprograms/public/rand_final/t_121_all.asm SUCCESS CPI:3.9 CYCLES:1230 ICOUNT:318 IHITRATE: 69.0 DHITRATE: 65.2
/u/s/i/sinclair/courses/cs552/spring2019/handouts/testprograms/public/rand_final/t_122_all.asm SUCCESS CPI:3.7 CYCLES:1207 ICOUNT:324 IHITRATE: 69.9 DHITRATE: 69.2
/u/s/i/sinclair/courses/cs552/spring2019/handouts/testprograms/public/rand_final/t_123_all.asm SUCCESS CPI:3.5 CYCLES:1753 ICOUNT:500 IHITRATE: 70.6 DHITRATE: 63.2
/u/s/i/sinclair/courses/cs552/spring2019/handouts/testprograms/public/rand_final/t_124_all.asm SUCCESS CPI:3.4 CYCLES:1237 ICOUNT:362 IHITRATE: 71.6 DHITRATE: 65.4
/u/s/i/sinclair/courses/cs552/spring2019/handouts/testprograms/public/rand_final/t_125_all.asm SUCCESS CPI:3.7 CYCLES:1839 ICOUNT:496 IHITRATE: 70.4 DHITRATE: 55.2
/u/s/i/sinclair/courses/cs552/spring2019/handouts/testprograms/public/rand_final/t_126_all.asm SUCCESS CPI:3.4 CYCLES:2057 ICOUNT:608 IHITRATE: 71.8 DHITRATE: 55.8
/u/s/i/sinclair/courses/cs552/spring2019/handouts/testprograms/public/rand_final/t_127_all.asm SUCCESS CPI:3.5 CYCLES:1571 ICOUNT:451 IHITRATE: 71.1 DHITRATE: 72.7
/u/s/i/sinclair/courses/cs552/spring2019/handouts/testprograms/public/rand_final/t_128_all.asm SUCCESS CPI:3.8 CYCLES:1608 ICOUNT:427 IHITRATE: 69.0 DHITRATE: 64.5
/u/s/i/sinclair/courses/cs552/spring2019/handouts/testprograms/public/rand_final/t_129_all.asm SUCCESS CPI:3.6 CYCLES:1559 ICOUNT:428 IHITRATE: 70.9 DHITRATE: 70.8
/u/s/i/sinclair/courses/cs552/spring2019/handouts/testprograms/public/rand_final/t_12_mem.asm SUCCESS CPI:4.0 CYCLES:2614 ICOUNT:651 IHITRATE: 75.2 DHITRATE: 94.9
/u/s/i/sinclair/courses/cs552/spring2019/handouts/testprograms/public/rand_final/t_130_all.asm SUCCESS CPI:3.3 CYCLES:2024 ICOUNT:617 IHITRATE: 73.0 DHITRATE: 70.9
/u/s/i/sinclair/courses/cs552/spring2019/handouts/testprograms/public/rand_final/t_131_all.asm SUCCESS CPI:3.4 CYCLES:1825 ICOUNT:539 IHITRATE: 72.0 DHITRATE: 83.3
/u/s/i/sinclair/courses/cs552/spring2019/handouts/testprograms/public/rand_final/t_132_all.asm SUCCESS CPI:3.4 CYCLES:1625 ICOUNT:472 IHITRATE: 71.4 DHITRATE: 63.9
/u/s/i/sinclair/courses/cs552/spring2019/handouts/testprograms/public/rand_final/t_133_all.asm SUCCESS CPI:3.4 CYCLES:1530 ICOUNT:446 IHITRATE: 71.7 DHITRATE: 64.1
/u/s/i/sinclair/courses/cs552/spring2019/handouts/testprograms/public/rand_final/t_134_all.asm SUCCESS CPI:3.4 CYCLES:1627 ICOUNT:479 IHITRATE: 72.2 DHITRATE: 68.2
/u/s/i/sinclair/courses/cs552/spring2019/handouts/testprograms/public/rand_final/t_135_all.asm SUCCESS CPI:3.4 CYCLES:2021 ICOUNT:601 IHITRATE: 72.3 DHITRATE: 65.4
/u/s/i/sinclair/courses/cs552/spring2019/handouts/testprograms/public/rand_final/t_136_all.asm SUCCESS CPI:3.6 CYCLES:1498 ICOUNT:413 IHITRATE: 70.7 DHITRATE: 69.2
/u/s/i/sinclair/courses/cs552/spring2019/handouts/testprograms/public/rand_final/t_137_all.asm SUCCESS CPI:3.3 CYCLES:1809 ICOUNT:540 IHITRATE: 72.1 DHITRATE: 65.8
/u/s/i/sinclair/courses/cs552/spring2019/handouts/testprograms/public/rand_final/t_138_all.asm SUCCESS CPI:3.4 CYCLES:2086 ICOUNT:614 IHITRATE: 71.7 DHITRATE: 73.7
/u/s/i/sinclair/courses/cs552/spring2019/handouts/testprograms/public/rand_final/t_139_all.asm SUCCESS CPI:3.8 CYCLES:1411 ICOUNT:368 IHITRATE: 68.7 DHITRATE: 52.2
/u/s/i/sinclair/courses/cs552/spring2019/handouts/testprograms/public/rand_final/t_13_mem.asm SUCCESS CPI:3.9 CYCLES:2624 ICOUNT:678 IHITRATE: 75.1 DHITRATE: 94.9
/u/s/i/sinclair/courses/cs552/spring2019/handouts/testprograms/public/rand_final/t_140_all.asm SUCCESS CPI:3.5 CYCLES:1400 ICOUNT:405 IHITRATE: 70.9 DHITRATE: 64.5
/u/s/i/sinclair/courses/cs552/spring2019/handouts/testprograms/public/rand_final/t_141_all.asm SUCCESS CPI:3.3 CYCLES:1595 ICOUNT:484 IHITRATE: 72.7 DHITRATE: 84.4
/u/s/i/sinclair/courses/cs552/spring2019/handouts/testprograms/public/rand_final/t_142_all.asm SUCCESS CPI:3.5 CYCLES:1369 ICOUNT:392 IHITRATE: 71.2 DHITRATE: 73.3
/u/s/i/sinclair/courses/cs552/spring2019/handouts/testprograms/public/rand_final/t_143_all.asm SUCCESS CPI:3.3 CYCLES:1666 ICOUNT:509 IHITRATE: 72.6 DHITRATE: 70.6
/u/s/i/sinclair/courses/cs552/spring2019/handouts/testprograms/public/rand_final/t_144_all.asm SUCCESS CPI:3.6 CYCLES:1578 ICOUNT:433 IHITRATE: 69.8 DHITRATE: 60.0
/u/s/i/sinclair/courses/cs552/spring2019/handouts/testprograms/public/rand_final/t_145_all.asm SUCCESS CPI:3.5 CYCLES:1525 ICOUNT:437 IHITRATE: 71.8 DHITRATE: 63.9
/u/s/i/sinclair/courses/cs552/spring2019/handouts/testprograms/public/rand_final/t_146_all.asm SUCCESS CPI:3.4 CYCLES:2055 ICOUNT:604 IHITRATE: 72.2 DHITRATE: 73.7
/u/s/i/sinclair/courses/cs552/spring2019/handouts/testprograms/public/rand_final/t_147_all.asm SUCCESS CPI:3.4 CYCLES:1508 ICOUNT:441 IHITRATE: 71.6 DHITRATE: 73.3
/u/s/i/sinclair/courses/cs552/spring2019/handouts/testprograms/public/rand_final/t_148_all.asm SUCCESS CPI:3.5 CYCLES:1595 ICOUNT:450 IHITRATE: 71.3 DHITRATE: 70.7
/u/s/i/sinclair/courses/cs552/spring2019/handouts/testprograms/public/rand_final/t_149_all.asm SUCCESS CPI:3.4 CYCLES:1517 ICOUNT:450 IHITRATE: 71.8 DHITRATE: 67.9
/u/s/i/sinclair/courses/cs552/spring2019/handouts/testprograms/public/rand_final/t_14_mem.asm SUCCESS CPI:4.1 CYCLES:2655 ICOUNT:648 IHITRATE: 75.3 DHITRATE: 92.8
/u/s/i/sinclair/courses/cs552/spring2019/handouts/testprograms/public/rand_final/t_150_all.asm SUCCESS CPI:3.6 CYCLES:1778 ICOUNT:498 IHITRATE: 69.8 DHITRATE: 75.0
/u/s/i/sinclair/courses/cs552/spring2019/handouts/testprograms/public/rand_final/t_15_mem.asm SUCCESS CPI:3.9 CYCLES:2622 ICOUNT:670 IHITRATE: 75.1 DHITRATE: 94.4
/u/s/i/sinclair/courses/cs552/spring2019/handouts/testprograms/public/rand_final/t_16_mem.asm SUCCESS CPI:4.0 CYCLES:2584 ICOUNT:654 IHITRATE: 75.1 DHITRATE: 94.9
/u/s/i/sinclair/courses/cs552/spring2019/handouts/testprograms/public/rand_final/t_17_mem.asm SUCCESS CPI:3.9 CYCLES:2661 ICOUNT:686 IHITRATE: 75.2 DHITRATE: 94.0
/u/s/i/sinclair/courses/cs552/spring2019/handouts/testprograms/public/rand_final/t_18_mem.asm SUCCESS CPI:3.9 CYCLES:2646 ICOUNT:672 IHITRATE: 75.4 DHITRATE: 92.6
/u/s/i/sinclair/courses/cs552/spring2019/handouts/testprograms/public/rand_final/t_19_mem.asm SUCCESS CPI:3.9 CYCLES:2605 ICOUNT:671 IHITRATE: 75.3 DHITRATE: 93.1
